::1 - - [08/Jul/2020:17:49:20 +0000] "GET / HTTP/1.1" 404 139 "-" "Mozilla/5.0 (X11; Linux x86_64) AppleWebKit/537.36 (KHTML, like Gecko) Chrome/83.0.4103.116 Safari/537.36"
::1 - - [08/Jul/2020:17:49:37 +0000] "GET /api/getAllData HTTP/1.1" 500 43 "-" "Mozilla/5.0 (X11; Linux x86_64) AppleWebKit/537.36 (KHTML, like Gecko) Chrome/83.0.4103.116 Safari/537.36"
::1 - - [08/Jul/2020:17:51:14 +0000] "GET /api/getAllData HTTP/1.1" 500 43 "-" "Mozilla/5.0 (X11; Linux x86_64) AppleWebKit/537.36 (KHTML, like Gecko) Chrome/83.0.4103.116 Safari/537.36"
::1 - - [08/Jul/2020:17:55:38 +0000] "GET /api/getAllData HTTP/1.1" 500 43 "-" "Mozilla/5.0 (X11; Linux x86_64) AppleWebKit/537.36 (KHTML, like Gecko) Chrome/83.0.4103.116 Safari/537.36"
::1 - - [08/Jul/2020:17:55:42 +0000] "GET /api/getAllData HTTP/1.1" 500 43 "-" "Mozilla/5.0 (X11; Linux x86_64) AppleWebKit/537.36 (KHTML, like Gecko) Chrome/83.0.4103.116 Safari/537.36"
::1 - - [08/Jul/2020:18:11:33 +0000] "GET /api/getAllData HTTP/1.1" 200 483 "-" "Mozilla/5.0 (X11; Linux x86_64) AppleWebKit/537.36 (KHTML, like Gecko) Chrome/83.0.4103.116 Safari/537.36"
::1 - - [08/Jul/2020:18:42:25 +0000] "POST /api/addNewData?id=10&lastname=yadav&firstname=rajpal&address=jharkhand&city=bhagalpur HTTP/1.1" 200 28 "-" "PostmanRuntime/7.26.1"
::1 - - [08/Jul/2020:18:46:23 +0000] "POST /api/addNewData HTTP/1.1" 200 28 "-" "PostmanRuntime/7.26.1"
::1 - - [08/Jul/2020:18:47:11 +0000] "GET /api/getAllData HTTP/1.1" 304 - "-" "Mozilla/5.0 (X11; Linux x86_64) AppleWebKit/537.36 (KHTML, like Gecko) Chrome/83.0.4103.116 Safari/537.36"
::1 - - [08/Jul/2020:18:47:14 +0000] "GET /api/getAllData HTTP/1.1" 304 - "-" "Mozilla/5.0 (X11; Linux x86_64) AppleWebKit/537.36 (KHTML, like Gecko) Chrome/83.0.4103.116 Safari/537.36"
::1 - - [08/Jul/2020:18:47:42 +0000] "GET /api/getAllData HTTP/1.1" 304 - "-" "Mozilla/5.0 (X11; Linux x86_64) AppleWebKit/537.36 (KHTML, like Gecko) Chrome/83.0.4103.116 Safari/537.36"
::1 - - [08/Jul/2020:18:47:57 +0000] "GET /api/getAllData HTTP/1.1" 304 - "-" "Mozilla/5.0 (X11; Linux x86_64) AppleWebKit/537.36 (KHTML, like Gecko) Chrome/83.0.4103.116 Safari/537.36"
::1 - - [08/Jul/2020:18:48:09 +0000] "POST /api/addNewData HTTP/1.1" 200 28 "-" "PostmanRuntime/7.26.1"
::1 - - [08/Jul/2020:18:53:13 +0000] "POST /api/addNewData HTTP/1.1" 200 28 "-" "PostmanRuntime/7.26.1"
::1 - - [08/Jul/2020:18:53:45 +0000] "POST /api/addNewData HTTP/1.1" 200 28 "-" "PostmanRuntime/7.26.1"
::1 - - [08/Jul/2020:18:57:21 +0000] "POST /api/addNewData HTTP/1.1" 200 28 "-" "PostmanRuntime/7.26.1"
::1 - - [08/Jul/2020:19:02:20 +0000] "POST /api/addNewData HTTP/1.1" 200 28 "-" "PostmanRuntime/7.26.1"
::1 - - [08/Jul/2020:19:03:30 +0000] "POST /api/addNewData HTTP/1.1" 200 28 "-" "PostmanRuntime/7.26.1"
::1 - - [08/Jul/2020:19:04:37 +0000] "POST /api/addNewData HTTP/1.1" 200 28 "-" "PostmanRuntime/7.26.1"
::1 - - [08/Jul/2020:19:05:18 +0000] "POST /api/addNewData HTTP/1.1" 200 28 "-" "PostmanRuntime/7.26.1"
::1 - - [08/Jul/2020:19:05:49 +0000] "POST /api/addNewData HTTP/1.1" 200 28 "-" "PostmanRuntime/7.26.1"
::1 - - [08/Jul/2020:19:08:37 +0000] "POST /api/addNewData HTTP/1.1" 200 48 "-" "PostmanRuntime/7.26.1"
::1 - - [08/Jul/2020:19:09:03 +0000] "GET /api/getAllData HTTP/1.1" 304 - "-" "Mozilla/5.0 (X11; Linux x86_64) AppleWebKit/537.36 (KHTML, like Gecko) Chrome/83.0.4103.116 Safari/537.36"
::1 - - [08/Jul/2020:19:09:12 +0000] "GET /api/getAllData HTTP/1.1" 304 - "-" "Mozilla/5.0 (X11; Linux x86_64) AppleWebKit/537.36 (KHTML, like Gecko) Chrome/83.0.4103.116 Safari/537.36"
::1 - - [08/Jul/2020:19:14:46 +0000] "GET /api/getAllData HTTP/1.1" 304 - "-" "Mozilla/5.0 (X11; Linux x86_64) AppleWebKit/537.36 (KHTML, like Gecko) Chrome/83.0.4103.116 Safari/537.36"
::1 - - [08/Jul/2020:19:16:07 +0000] "GET /api/getAllData HTTP/1.1" 304 - "-" "Mozilla/5.0 (X11; Linux x86_64) AppleWebKit/537.36 (KHTML, like Gecko) Chrome/83.0.4103.116 Safari/537.36"
::1 - - [08/Jul/2020:19:19:06 +0000] "GET /api/getAllData HTTP/1.1" 304 - "-" "Mozilla/5.0 (X11; Linux x86_64) AppleWebKit/537.36 (KHTML, like Gecko) Chrome/83.0.4103.116 Safari/537.36"
::1 - - [08/Jul/2020:19:19:19 +0000] "POST /api/addNewData HTTP/1.1" 200 48 "-" "PostmanRuntime/7.26.1"
::1 - - [08/Jul/2020:19:19:25 +0000] "GET /api/getAllData HTTP/1.1" 304 - "-" "Mozilla/5.0 (X11; Linux x86_64) AppleWebKit/537.36 (KHTML, like Gecko) Chrome/83.0.4103.116 Safari/537.36"
::1 - - [08/Jul/2020:19:21:22 +0000] "GET /api/getAllData HTTP/1.1" 304 - "-" "Mozilla/5.0 (X11; Linux x86_64) AppleWebKit/537.36 (KHTML, like Gecko) Chrome/83.0.4103.116 Safari/537.36"
::1 - - [08/Jul/2020:19:22:42 +0000] "GET /api/getAllData HTTP/1.1" 200 483 "-" "Mozilla/5.0 (X11; Linux x86_64) AppleWebKit/537.36 (KHTML, like Gecko) Chrome/83.0.4103.116 Safari/537.36"
::1 - - [08/Jul/2020:19:23:23 +0000] "GET /api/getAllData HTTP/1.1" 304 - "-" "Mozilla/5.0 (X11; Linux x86_64) AppleWebKit/537.36 (KHTML, like Gecko) Chrome/83.0.4103.116 Safari/537.36"
::1 - - [08/Jul/2020:19:25:05 +0000] "GET /api/getAllData HTTP/1.1" 200 483 "-" "Mozilla/5.0 (X11; Linux x86_64) AppleWebKit/537.36 (KHTML, like Gecko) Chrome/83.0.4103.116 Safari/537.36"
::1 - - [08/Jul/2020:19:25:58 +0000] "GET /api/getAllData HTTP/1.1" 200 483 "-" "Mozilla/5.0 (X11; Linux x86_64) AppleWebKit/537.36 (KHTML, like Gecko) Chrome/83.0.4103.116 Safari/537.36"
::1 - - [08/Jul/2020:19:26:39 +0000] "GET /api/getAllData HTTP/1.1" 200 677 "-" "Mozilla/5.0 (X11; Linux x86_64) AppleWebKit/537.36 (KHTML, like Gecko) Chrome/83.0.4103.116 Safari/537.36"
::1 - - [08/Jul/2020:19:29:55 +0000] "POST /api/deleteData HTTP/1.1" 404 154 "-" "PostmanRuntime/7.26.1"
::1 - - [08/Jul/2020:19:30:06 +0000] "DELETE /api/deleteData HTTP/1.1" 200 28 "-" "PostmanRuntime/7.26.1"
::1 - - [08/Jul/2020:19:34:53 +0000] "PUT /api/deleteData HTTP/1.1" 404 153 "-" "PostmanRuntime/7.26.1"
::1 - - [08/Jul/2020:19:34:59 +0000] "GET /api/getAllData HTTP/1.1" 200 677 "-" "Mozilla/5.0 (X11; Linux x86_64) AppleWebKit/537.36 (KHTML, like Gecko) Chrome/83.0.4103.116 Safari/537.36"
::1 - - [08/Jul/2020:19:35:33 +0000] "PUT /api/updateData HTTP/1.1" 500 39 "-" "PostmanRuntime/7.26.1"
::1 - - [08/Jul/2020:19:38:48 +0000] "PUT /api/addNewData HTTP/1.1" 404 153 "-" "PostmanRuntime/7.26.1"
::1 - - [08/Jul/2020:19:39:04 +0000] "POST /api/addNewData HTTP/1.1" 200 48 "-" "PostmanRuntime/7.26.1"
::1 - - [08/Jul/2020:19:39:51 +0000] "PUT /api/addNewData HTTP/1.1" 404 153 "-" "PostmanRuntime/7.26.1"
::1 - - [08/Jul/2020:19:40:13 +0000] "PUT /api/updateData HTTP/1.1" 500 39 "-" "PostmanRuntime/7.26.1"
::1 - - [08/Jul/2020:19:42:15 +0000] "POST /api/addNewData HTTP/1.1" 200 48 "-" "PostmanRuntime/7.26.1"
::1 - - [08/Jul/2020:19:42:35 +0000] "PUT /api/updateData HTTP/1.1" 500 39 "-" "PostmanRuntime/7.26.1"
::1 - - [08/Jul/2020:19:44:19 +0000] "PUT /api/updateData HTTP/1.1" 200 48 "-" "PostmanRuntime/7.26.1"
::1 - - [08/Jul/2020:19:44:30 +0000] "GET /api/getAllData HTTP/1.1" 200 872 "-" "Mozilla/5.0 (X11; Linux x86_64) AppleWebKit/537.36 (KHTML, like Gecko) Chrome/83.0.4103.116 Safari/537.36"
::1 - - [08/Jul/2020:19:45:58 +0000] "DELETE /api/updateData HTTP/1.1" 404 156 "-" "PostmanRuntime/7.26.1"
::1 - - [08/Jul/2020:19:46:09 +0000] "DELETE /api/deleteData HTTP/1.1" 200 48 "-" "PostmanRuntime/7.26.1"
::1 - - [08/Jul/2020:19:46:19 +0000] "GET /api/getAllData HTTP/1.1" 200 678 "-" "Mozilla/5.0 (X11; Linux x86_64) AppleWebKit/537.36 (KHTML, like Gecko) Chrome/83.0.4103.116 Safari/537.36"
::1 - - [08/Jul/2020:20:10:21 +0000] "GET / HTTP/1.1" 404 139 "http://localhost:3000/" "Mozilla/5.0 (X11; Linux x86_64) AppleWebKit/537.36 (KHTML, like Gecko) Chrome/83.0.4103.116 Safari/537.36"
::1 - - [08/Jul/2020:20:11:28 +0000] "GET /api/getAllData HTTP/1.1" 200 678 "-" "Mozilla/5.0 (X11; Linux x86_64) AppleWebKit/537.36 (KHTML, like Gecko) Chrome/83.0.4103.116 Safari/537.36"
::1 - - [08/Jul/2020:20:11:51 +0000] "GET /api/getAllData HTTP/1.1" 200 678 "http://localhost:3000/" "Mozilla/5.0 (X11; Linux x86_64) AppleWebKit/537.36 (KHTML, like Gecko) Chrome/83.0.4103.116 Safari/537.36"
::1 - - [08/Jul/2020:20:12:04 +0000] "GET /api/getAllData HTTP/1.1" 200 678 "http://localhost:3000/" "Mozilla/5.0 (X11; Linux x86_64) AppleWebKit/537.36 (KHTML, like Gecko) Chrome/83.0.4103.116 Safari/537.36"
::1 - - [08/Jul/2020:20:12:49 +0000] "GET /api/getAllData HTTP/1.1" 200 678 "http://localhost:3000/" "Mozilla/5.0 (X11; Linux x86_64) AppleWebKit/537.36 (KHTML, like Gecko) Chrome/83.0.4103.116 Safari/537.36"
::1 - - [08/Jul/2020:20:13:06 +0000] "GET /api/getAllData HTTP/1.1" 200 678 "http://localhost:3000/" "Mozilla/5.0 (X11; Linux x86_64) AppleWebKit/537.36 (KHTML, like Gecko) Chrome/83.0.4103.116 Safari/537.36"
::1 - - [08/Jul/2020:20:15:25 +0000] "GET /api/getAllData HTTP/1.1" 200 678 "http://localhost:3000/" "Mozilla/5.0 (X11; Linux x86_64) AppleWebKit/537.36 (KHTML, like Gecko) Chrome/83.0.4103.116 Safari/537.36"
::1 - - [08/Jul/2020:20:16:54 +0000] "GET /api/getAllData HTTP/1.1" 200 678 "http://localhost:3000/" "Mozilla/5.0 (X11; Linux x86_64) AppleWebKit/537.36 (KHTML, like Gecko) Chrome/83.0.4103.116 Safari/537.36"
::1 - - [08/Jul/2020:20:16:58 +0000] "GET /api/getAllData HTTP/1.1" 200 678 "http://localhost:3000/" "Mozilla/5.0 (X11; Linux x86_64) AppleWebKit/537.36 (KHTML, like Gecko) Chrome/83.0.4103.116 Safari/537.36"
::1 - - [08/Jul/2020:20:17:44 +0000] "GET /api/getAllData HTTP/1.1" 200 678 "http://localhost:3000/" "Mozilla/5.0 (X11; Linux x86_64) AppleWebKit/537.36 (KHTML, like Gecko) Chrome/83.0.4103.116 Safari/537.36"
::1 - - [08/Jul/2020:20:17:50 +0000] "GET /api/getAllData HTTP/1.1" 200 678 "http://localhost:3000/" "Mozilla/5.0 (X11; Linux x86_64) AppleWebKit/537.36 (KHTML, like Gecko) Chrome/83.0.4103.116 Safari/537.36"
::1 - - [08/Jul/2020:20:18:37 +0000] "GET /api/getAllData HTTP/1.1" 200 678 "-" "Mozilla/5.0 (X11; Linux x86_64) AppleWebKit/537.36 (KHTML, like Gecko) Chrome/83.0.4103.116 Safari/537.36"
::1 - - [08/Jul/2020:20:22:21 +0000] "GET / HTTP/1.1" 404 139 "http://localhost:3000/" "Mozilla/5.0 (X11; Linux x86_64) AppleWebKit/537.36 (KHTML, like Gecko) Chrome/83.0.4103.116 Safari/537.36"
::1 - - [08/Jul/2020:20:22:29 +0000] "GET / HTTP/1.1" 404 139 "http://localhost:3000/" "Mozilla/5.0 (X11; Linux x86_64) AppleWebKit/537.36 (KHTML, like Gecko) Chrome/83.0.4103.116 Safari/537.36"
::1 - - [08/Jul/2020:20:23:48 +0000] "GET /api/getAllData HTTP/1.1" 200 678 "-" "Mozilla/5.0 (X11; Linux x86_64) AppleWebKit/537.36 (KHTML, like Gecko) Chrome/83.0.4103.116 Safari/537.36"
::1 - - [08/Jul/2020:20:23:54 +0000] "GET /api/getAllData HTTP/1.1" 200 678 "http://localhost:3000/" "Mozilla/5.0 (X11; Linux x86_64) AppleWebKit/537.36 (KHTML, like Gecko) Chrome/83.0.4103.116 Safari/537.36"
::1 - - [09/Jul/2020:03:47:23 +0000] "GET /api/getAllData HTTP/1.1" 200 678 "http://localhost:3000/" "Mozilla/5.0 (X11; Linux x86_64) AppleWebKit/537.36 (KHTML, like Gecko) Chrome/83.0.4103.116 Safari/537.36"
::1 - - [09/Jul/2020:03:47:27 +0000] "GET /api/getAllData HTTP/1.1" 200 678 "http://localhost:3000/" "Mozilla/5.0 (X11; Linux x86_64) AppleWebKit/537.36 (KHTML, like Gecko) Chrome/83.0.4103.116 Safari/537.36"
::1 - - [09/Jul/2020:03:50:44 +0000] "GET /api/getAllData HTTP/1.1" 200 678 "http://localhost:3000/" "Mozilla/5.0 (X11; Linux x86_64) AppleWebKit/537.36 (KHTML, like Gecko) Chrome/83.0.4103.116 Safari/537.36"
::1 - - [09/Jul/2020:03:50:47 +0000] "GET /api/getAllData HTTP/1.1" 200 678 "http://localhost:3000/" "Mozilla/5.0 (X11; Linux x86_64) AppleWebKit/537.36 (KHTML, like Gecko) Chrome/83.0.4103.116 Safari/537.36"
::1 - - [09/Jul/2020:03:53:10 +0000] "GET /api/getAllData HTTP/1.1" 200 678 "-" "Mozilla/5.0 (X11; Linux x86_64) AppleWebKit/537.36 (KHTML, like Gecko) Chrome/83.0.4103.116 Safari/537.36"
::1 - - [09/Jul/2020:03:55:08 +0000] "GET /api/getAllData HTTP/1.1" 200 678 "http://localhost:3000/" "Mozilla/5.0 (X11; Linux x86_64) AppleWebKit/537.36 (KHTML, like Gecko) Chrome/83.0.4103.116 Safari/537.36"
::1 - - [09/Jul/2020:03:56:48 +0000] "GET /api/getAllData HTTP/1.1" 200 678 "http://localhost:3000/" "Mozilla/5.0 (X11; Linux x86_64) AppleWebKit/537.36 (KHTML, like Gecko) Chrome/83.0.4103.116 Safari/537.36"
::1 - - [09/Jul/2020:03:56:51 +0000] "GET /api/getAllData HTTP/1.1" 200 678 "http://localhost:3000/" "Mozilla/5.0 (X11; Linux x86_64) AppleWebKit/537.36 (KHTML, like Gecko) Chrome/83.0.4103.116 Safari/537.36"
::1 - - [09/Jul/2020:04:09:27 +0000] "GET /api/getAllData HTTP/1.1" 200 678 "http://localhost:3000/" "Mozilla/5.0 (X11; Linux x86_64) AppleWebKit/537.36 (KHTML, like Gecko) Chrome/83.0.4103.116 Safari/537.36"
::1 - - [09/Jul/2020:04:25:22 +0000] "GET /api/getAllData HTTP/1.1" 304 - "http://localhost:3000/" "Mozilla/5.0 (X11; Linux x86_64) AppleWebKit/537.36 (KHTML, like Gecko) Chrome/83.0.4103.116 Safari/537.36"
::1 - - [09/Jul/2020:04:26:30 +0000] "GET /api/getAllData HTTP/1.1" 200 678 "http://localhost:3000/" "Mozilla/5.0 (X11; Linux x86_64) AppleWebKit/537.36 (KHTML, like Gecko) Chrome/83.0.4103.116 Safari/537.36"
::1 - - [09/Jul/2020:04:27:16 +0000] "GET /api/getAllData HTTP/1.1" - - "http://localhost:3000/" "Mozilla/5.0 (X11; Linux x86_64) AppleWebKit/537.36 (KHTML, like Gecko) Chrome/83.0.4103.116 Safari/537.36"
::1 - - [09/Jul/2020:04:27:18 +0000] "GET /api/getAllData HTTP/1.1" 200 678 "http://localhost:3000/" "Mozilla/5.0 (X11; Linux x86_64) AppleWebKit/537.36 (KHTML, like Gecko) Chrome/83.0.4103.116 Safari/537.36"
::1 - - [09/Jul/2020:04:28:42 +0000] "GET /api/getAllData HTTP/1.1" 200 678 "http://localhost:3000/" "Mozilla/5.0 (X11; Linux x86_64) AppleWebKit/537.36 (KHTML, like Gecko) Chrome/83.0.4103.116 Safari/537.36"
::1 - - [09/Jul/2020:04:30:04 +0000] "GET /api/getAllData HTTP/1.1" 200 678 "http://localhost:3000/" "Mozilla/5.0 (X11; Linux x86_64) AppleWebKit/537.36 (KHTML, like Gecko) Chrome/83.0.4103.116 Safari/537.36"
::1 - - [09/Jul/2020:04:31:23 +0000] "GET /api/getAllData HTTP/1.1" - - "http://localhost:3000/" "Mozilla/5.0 (X11; Linux x86_64) AppleWebKit/537.36 (KHTML, like Gecko) Chrome/83.0.4103.116 Safari/537.36"
::1 - - [09/Jul/2020:04:31:23 +0000] "GET /api/getAllData HTTP/1.1" 200 678 "http://localhost:3000/" "Mozilla/5.0 (X11; Linux x86_64) AppleWebKit/537.36 (KHTML, like Gecko) Chrome/83.0.4103.116 Safari/537.36"
::1 - - [09/Jul/2020:04:32:15 +0000] "GET /api/getAllData HTTP/1.1" 200 678 "http://localhost:3000/" "Mozilla/5.0 (X11; Linux x86_64) AppleWebKit/537.36 (KHTML, like Gecko) Chrome/83.0.4103.116 Safari/537.36"
::1 - - [09/Jul/2020:04:32:49 +0000] "GET /api/getAllData HTTP/1.1" 200 678 "http://localhost:3000/" "Mozilla/5.0 (X11; Linux x86_64) AppleWebKit/537.36 (KHTML, like Gecko) Chrome/83.0.4103.116 Safari/537.36"
::1 - - [09/Jul/2020:04:33:08 +0000] "GET /api/getAllData HTTP/1.1" 200 678 "http://localhost:3000/" "Mozilla/5.0 (X11; Linux x86_64) AppleWebKit/537.36 (KHTML, like Gecko) Chrome/83.0.4103.116 Safari/537.36"
::1 - - [09/Jul/2020:04:34:22 +0000] "GET /api/getAllData HTTP/1.1" 200 678 "http://localhost:3000/" "Mozilla/5.0 (X11; Linux x86_64) AppleWebKit/537.36 (KHTML, like Gecko) Chrome/83.0.4103.116 Safari/537.36"
::1 - - [09/Jul/2020:04:34:35 +0000] "GET /api/getAllData HTTP/1.1" 200 678 "http://localhost:3000/" "Mozilla/5.0 (X11; Linux x86_64) AppleWebKit/537.36 (KHTML, like Gecko) Chrome/83.0.4103.116 Safari/537.36"
::1 - - [09/Jul/2020:04:51:01 +0000] "GET /api/getAllData HTTP/1.1" - - "http://localhost:3000/" "Mozilla/5.0 (X11; Linux x86_64) AppleWebKit/537.36 (KHTML, like Gecko) Chrome/83.0.4103.116 Safari/537.36"
::1 - - [09/Jul/2020:04:51:02 +0000] "GET /api/getAllData HTTP/1.1" 200 678 "http://localhost:3000/" "Mozilla/5.0 (X11; Linux x86_64) AppleWebKit/537.36 (KHTML, like Gecko) Chrome/83.0.4103.116 Safari/537.36"
::1 - - [09/Jul/2020:04:58:21 +0000] "GET /api/getAllData HTTP/1.1" 200 678 "http://localhost:3000/" "Mozilla/5.0 (X11; Linux x86_64) AppleWebKit/537.36 (KHTML, like Gecko) Chrome/83.0.4103.116 Safari/537.36"
::1 - - [09/Jul/2020:04:58:58 +0000] "GET /api/getAllData HTTP/1.1" 200 678 "http://localhost:3000/" "Mozilla/5.0 (X11; Linux x86_64) AppleWebKit/537.36 (KHTML, like Gecko) Chrome/83.0.4103.116 Safari/537.36"
::1 - - [09/Jul/2020:05:01:56 +0000] "GET /api/getAllData HTTP/1.1" 200 678 "http://localhost:3000/" "Mozilla/5.0 (X11; Linux x86_64) AppleWebKit/537.36 (KHTML, like Gecko) Chrome/83.0.4103.116 Safari/537.36"
::1 - - [09/Jul/2020:05:04:46 +0000] "GET /api/getAllData HTTP/1.1" 200 678 "http://localhost:3000/" "Mozilla/5.0 (X11; Linux x86_64) AppleWebKit/537.36 (KHTML, like Gecko) Chrome/83.0.4103.116 Safari/537.36"
::1 - - [09/Jul/2020:05:09:23 +0000] "GET /api/getAllData HTTP/1.1" 200 678 "http://localhost:3000/" "Mozilla/5.0 (X11; Linux x86_64) AppleWebKit/537.36 (KHTML, like Gecko) Chrome/83.0.4103.116 Safari/537.36"
::1 - - [09/Jul/2020:05:11:33 +0000] "GET /api/getAllData HTTP/1.1" 200 678 "http://localhost:3000/" "Mozilla/5.0 (X11; Linux x86_64) AppleWebKit/537.36 (KHTML, like Gecko) Chrome/83.0.4103.116 Safari/537.36"
::1 - - [09/Jul/2020:05:15:10 +0000] "GET /api/getAllData HTTP/1.1" 200 678 "http://localhost:3000/" "Mozilla/5.0 (X11; Linux x86_64) AppleWebKit/537.36 (KHTML, like Gecko) Chrome/83.0.4103.116 Safari/537.36"
::1 - - [09/Jul/2020:05:20:23 +0000] "GET /api/getAllData HTTP/1.1" 200 678 "http://localhost:3000/" "Mozilla/5.0 (X11; Linux x86_64) AppleWebKit/537.36 (KHTML, like Gecko) Chrome/83.0.4103.116 Safari/537.36"
::1 - - [09/Jul/2020:05:20:34 +0000] "GET /api/addNewData?id=${person.id}&lastname=${person.lastname}&firstname=${person.firstname}&address=${person.address}&city=${person.city} HTTP/1.1" 404 153 "http://localhost:3000/" "Mozilla/5.0 (X11; Linux x86_64) AppleWebKit/537.36 (KHTML, like Gecko) Chrome/83.0.4103.116 Safari/537.36"
::1 - - [09/Jul/2020:05:22:29 +0000] "GET /api/getAllData HTTP/1.1" 200 678 "http://localhost:3000/" "Mozilla/5.0 (X11; Linux x86_64) AppleWebKit/537.36 (KHTML, like Gecko) Chrome/83.0.4103.116 Safari/537.36"
::1 - - [09/Jul/2020:05:24:01 +0000] "GET /api/getAllData HTTP/1.1" 200 678 "http://localhost:3000/" "Mozilla/5.0 (X11; Linux x86_64) AppleWebKit/537.36 (KHTML, like Gecko) Chrome/83.0.4103.116 Safari/537.36"
::1 - - [09/Jul/2020:05:24:05 +0000] "GET /api/getAllData HTTP/1.1" 200 678 "http://localhost:3000/" "Mozilla/5.0 (X11; Linux x86_64) AppleWebKit/537.36 (KHTML, like Gecko) Chrome/83.0.4103.116 Safari/537.36"
::1 - - [09/Jul/2020:05:24:09 +0000] "GET /api/addNewData?id=${person.id}&lastname=${person.lastname}&firstname=${person.firstname}&address=${person.address}&city=${person.city} HTTP/1.1" 404 153 "http://localhost:3000/" "Mozilla/5.0 (X11; Linux x86_64) AppleWebKit/537.36 (KHTML, like Gecko) Chrome/83.0.4103.116 Safari/537.36"
::1 - - [09/Jul/2020:06:38:27 +0000] "GET /api/getAllData HTTP/1.1" 200 678 "http://localhost:3000/" "Mozilla/5.0 (X11; Linux x86_64) AppleWebKit/537.36 (KHTML, like Gecko) Chrome/83.0.4103.116 Safari/537.36"
::1 - - [09/Jul/2020:06:38:31 +0000] "GET /api/addNewData?id=${person.id}&lastname=${person.lastname}&firstname=${person.firstname}&address=${person.address}&city=${person.city} HTTP/1.1" 404 153 "http://localhost:3000/" "Mozilla/5.0 (X11; Linux x86_64) AppleWebKit/537.36 (KHTML, like Gecko) Chrome/83.0.4103.116 Safari/537.36"
::1 - - [09/Jul/2020:06:42:39 +0000] "GET /api/getAllData HTTP/1.1" 200 678 "http://localhost:3000/" "Mozilla/5.0 (X11; Linux x86_64) AppleWebKit/537.36 (KHTML, like Gecko) Chrome/83.0.4103.116 Safari/537.36"
::1 - - [09/Jul/2020:06:51:47 +0000] "GET /api/getAllData HTTP/1.1" 200 678 "http://localhost:3000/" "Mozilla/5.0 (X11; Linux x86_64) AppleWebKit/537.36 (KHTML, like Gecko) Chrome/83.0.4103.116 Safari/537.36"
::1 - - [09/Jul/2020:06:57:08 +0000] "GET /api/getAllData HTTP/1.1" 200 678 "http://localhost:3000/" "Mozilla/5.0 (X11; Linux x86_64) AppleWebKit/537.36 (KHTML, like Gecko) Chrome/83.0.4103.116 Safari/537.36"
::1 - - [09/Jul/2020:06:57:21 +0000] "GET /api/addNewData?id=${person.id}&lastname=${person.lastname}&firstname=${person.firstname}&address=${person.address}&city=${person.city} HTTP/1.1" 404 153 "http://localhost:3000/" "Mozilla/5.0 (X11; Linux x86_64) AppleWebKit/537.36 (KHTML, like Gecko) Chrome/83.0.4103.116 Safari/537.36"
::1 - - [09/Jul/2020:06:58:48 +0000] "POST /api/addNewData HTTP/1.1" 200 48 "-" "PostmanRuntime/7.26.1"
::1 - - [09/Jul/2020:06:58:56 +0000] "GET /api/getAllData HTTP/1.1" 200 777 "http://localhost:3000/" "Mozilla/5.0 (X11; Linux x86_64) AppleWebKit/537.36 (KHTML, like Gecko) Chrome/83.0.4103.116 Safari/537.36"
::1 - - [09/Jul/2020:07:07:24 +0000] "GET /api/getAllData HTTP/1.1" 200 777 "http://localhost:3000/" "Mozilla/5.0 (X11; Linux x86_64) AppleWebKit/537.36 (KHTML, like Gecko) Chrome/83.0.4103.116 Safari/537.36"
::1 - - [09/Jul/2020:07:19:06 +0000] "GET /api/getAllData HTTP/1.1" 200 777 "http://localhost:3000/" "Mozilla/5.0 (X11; Linux x86_64) AppleWebKit/537.36 (KHTML, like Gecko) Chrome/83.0.4103.116 Safari/537.36"
::1 - - [09/Jul/2020:07:23:03 +0000] "GET /api/getAllData HTTP/1.1" 200 777 "http://localhost:3000/" "Mozilla/5.0 (X11; Linux x86_64) AppleWebKit/537.36 (KHTML, like Gecko) Chrome/83.0.4103.116 Safari/537.36"
::1 - - [09/Jul/2020:07:36:06 +0000] "GET /api/getAllData HTTP/1.1" 200 777 "http://localhost:3000/" "Mozilla/5.0 (X11; Linux x86_64) AppleWebKit/537.36 (KHTML, like Gecko) Chrome/83.0.4103.116 Safari/537.36"
::1 - - [09/Jul/2020:07:36:09 +0000] "GET /api/getAllData HTTP/1.1" 200 777 "http://localhost:3000/" "Mozilla/5.0 (X11; Linux x86_64) AppleWebKit/537.36 (KHTML, like Gecko) Chrome/83.0.4103.116 Safari/537.36"
::1 - - [09/Jul/2020:07:36:26 +0000] "GET /api/getAllData HTTP/1.1" 200 777 "http://localhost:3000/" "Mozilla/5.0 (X11; Linux x86_64) AppleWebKit/537.36 (KHTML, like Gecko) Chrome/83.0.4103.116 Safari/537.36"
::1 - - [09/Jul/2020:07:36:30 +0000] "GET /api/addNewData?id=${person.id}&lastname=${person.lastname}&firstname=${person.firstname}&address=${person.address}&city=${person.city} HTTP/1.1" 404 153 "http://localhost:3000/" "Mozilla/5.0 (X11; Linux x86_64) AppleWebKit/537.36 (KHTML, like Gecko) Chrome/83.0.4103.116 Safari/537.36"
::1 - - [09/Jul/2020:07:37:05 +0000] "GET /api/addNewData?id=${person.id}&lastname=${person.lastname}&firstname=${person.firstname}&address=${person.address}&city=${person.city} HTTP/1.1" 404 153 "http://localhost:3000/" "Mozilla/5.0 (X11; Linux x86_64) AppleWebKit/537.36 (KHTML, like Gecko) Chrome/83.0.4103.116 Safari/537.36"
::1 - - [09/Jul/2020:07:56:28 +0000] "GET /api/getAllData HTTP/1.1" 200 777 "http://localhost:3000/" "Mozilla/5.0 (X11; Linux x86_64) AppleWebKit/537.36 (KHTML, like Gecko) Chrome/83.0.4103.116 Safari/537.36"
::1 - - [09/Jul/2020:08:12:19 +0000] "GET /api/getAllData HTTP/1.1" 200 777 "http://localhost:3000/" "Mozilla/5.0 (X11; Linux x86_64) AppleWebKit/537.36 (KHTML, like Gecko) Chrome/83.0.4103.116 Safari/537.36"
::1 - - [09/Jul/2020:08:19:14 +0000] "GET /api/getAllData HTTP/1.1" 200 777 "http://localhost:3000/" "Mozilla/5.0 (X11; Linux x86_64) AppleWebKit/537.36 (KHTML, like Gecko) Chrome/83.0.4103.116 Safari/537.36"
::1 - - [09/Jul/2020:08:19:14 +0000] "GET /api/getAllData HTTP/1.1" 200 777 "http://localhost:3000/" "Mozilla/5.0 (X11; Linux x86_64) AppleWebKit/537.36 (KHTML, like Gecko) Chrome/83.0.4103.116 Safari/537.36"
::1 - - [09/Jul/2020:08:19:48 +0000] "GET /api/getAllData HTTP/1.1" 200 777 "http://localhost:3000/" "Mozilla/5.0 (X11; Linux x86_64) AppleWebKit/537.36 (KHTML, like Gecko) Chrome/83.0.4103.116 Safari/537.36"
::1 - - [09/Jul/2020:08:19:58 +0000] "POST /api/addNewData HTTP/1.1" 200 28 "http://localhost:3000/" "Mozilla/5.0 (X11; Linux x86_64) AppleWebKit/537.36 (KHTML, like Gecko) Chrome/83.0.4103.116 Safari/537.36"
::1 - - [09/Jul/2020:08:19:58 +0000] "GET /api/getAllData HTTP/1.1" 200 777 "http://localhost:3000/" "Mozilla/5.0 (X11; Linux x86_64) AppleWebKit/537.36 (KHTML, like Gecko) Chrome/83.0.4103.116 Safari/537.36"
::1 - - [09/Jul/2020:08:20:26 +0000] "GET /api/getAllData HTTP/1.1" 200 777 "http://localhost:3000/" "Mozilla/5.0 (X11; Linux x86_64) AppleWebKit/537.36 (KHTML, like Gecko) Chrome/83.0.4103.116 Safari/537.36"
::1 - - [09/Jul/2020:08:20:32 +0000] "GET /api/getAllData HTTP/1.1" 200 777 "http://localhost:3000/" "Mozilla/5.0 (X11; Linux x86_64) AppleWebKit/537.36 (KHTML, like Gecko) Chrome/83.0.4103.116 Safari/537.36"
::1 - - [09/Jul/2020:08:21:13 +0000] "POST /api/addNewData HTTP/1.1" 200 28 "http://localhost:3000/" "Mozilla/5.0 (X11; Linux x86_64) AppleWebKit/537.36 (KHTML, like Gecko) Chrome/83.0.4103.116 Safari/537.36"
::1 - - [09/Jul/2020:08:21:15 +0000] "GET /api/getAllData HTTP/1.1" 200 777 "http://localhost:3000/" "Mozilla/5.0 (X11; Linux x86_64) AppleWebKit/537.36 (KHTML, like Gecko) Chrome/83.0.4103.116 Safari/537.36"
::1 - - [09/Jul/2020:08:41:25 +0000] "POST /api/addNewData HTTP/1.1" 200 28 "http://localhost:3000/" "Mozilla/5.0 (X11; Linux x86_64) AppleWebKit/537.36 (KHTML, like Gecko) Chrome/83.0.4103.116 Safari/537.36"
::1 - - [09/Jul/2020:08:41:27 +0000] "GET /api/getAllData HTTP/1.1" 200 777 "http://localhost:3000/" "Mozilla/5.0 (X11; Linux x86_64) AppleWebKit/537.36 (KHTML, like Gecko) Chrome/83.0.4103.116 Safari/537.36"
::1 - - [09/Jul/2020:08:48:55 +0000] "GET /api/getAllData HTTP/1.1" 200 777 "http://localhost:3000/" "Mozilla/5.0 (X11; Linux x86_64) AppleWebKit/537.36 (KHTML, like Gecko) Chrome/83.0.4103.116 Safari/537.36"
::1 - - [09/Jul/2020:08:49:20 +0000] "POST /api/addNewData HTTP/1.1" 200 28 "http://localhost:3000/" "Mozilla/5.0 (X11; Linux x86_64) AppleWebKit/537.36 (KHTML, like Gecko) Chrome/83.0.4103.116 Safari/537.36"
::1 - - [09/Jul/2020:08:49:21 +0000] "GET /api/getAllData HTTP/1.1" 200 777 "http://localhost:3000/" "Mozilla/5.0 (X11; Linux x86_64) AppleWebKit/537.36 (KHTML, like Gecko) Chrome/83.0.4103.116 Safari/537.36"
::1 - - [09/Jul/2020:08:50:31 +0000] "GET /api/getAllData HTTP/1.1" 200 777 "http://localhost:3000/" "Mozilla/5.0 (X11; Linux x86_64) AppleWebKit/537.36 (KHTML, like Gecko) Chrome/83.0.4103.116 Safari/537.36"
::1 - - [09/Jul/2020:08:50:31 +0000] "GET /api/getAllData HTTP/1.1" 200 777 "http://localhost:3000/" "Mozilla/5.0 (X11; Linux x86_64) AppleWebKit/537.36 (KHTML, like Gecko) Chrome/83.0.4103.116 Safari/537.36"
::1 - - [09/Jul/2020:08:50:33 +0000] "POST /api/addNewData HTTP/1.1" 200 28 "http://localhost:3000/" "Mozilla/5.0 (X11; Linux x86_64) AppleWebKit/537.36 (KHTML, like Gecko) Chrome/83.0.4103.116 Safari/537.36"
::1 - - [09/Jul/2020:08:50:33 +0000] "GET /api/getAllData HTTP/1.1" 200 777 "http://localhost:3000/" "Mozilla/5.0 (X11; Linux x86_64) AppleWebKit/537.36 (KHTML, like Gecko) Chrome/83.0.4103.116 Safari/537.36"
::1 - - [09/Jul/2020:09:19:05 +0000] "GET /api/getAllData HTTP/1.1" 200 777 "http://localhost:3000/" "Mozilla/5.0 (X11; Linux x86_64) AppleWebKit/537.36 (KHTML, like Gecko) Chrome/83.0.4103.116 Safari/537.36"
::1 - - [09/Jul/2020:09:19:07 +0000] "POST /api/addNewData HTTP/1.1" 200 28 "http://localhost:3000/" "Mozilla/5.0 (X11; Linux x86_64) AppleWebKit/537.36 (KHTML, like Gecko) Chrome/83.0.4103.116 Safari/537.36"
::1 - - [09/Jul/2020:09:19:07 +0000] "GET /api/getAllData HTTP/1.1" 200 777 "http://localhost:3000/" "Mozilla/5.0 (X11; Linux x86_64) AppleWebKit/537.36 (KHTML, like Gecko) Chrome/83.0.4103.116 Safari/537.36"
::1 - - [09/Jul/2020:09:20:36 +0000] "POST /api/addNewData HTTP/1.1" 200 28 "http://localhost:3000/" "Mozilla/5.0 (X11; Linux x86_64) AppleWebKit/537.36 (KHTML, like Gecko) Chrome/83.0.4103.116 Safari/537.36"
::1 - - [09/Jul/2020:09:20:38 +0000] "GET /api/getAllData HTTP/1.1" 200 777 "http://localhost:3000/" "Mozilla/5.0 (X11; Linux x86_64) AppleWebKit/537.36 (KHTML, like Gecko) Chrome/83.0.4103.116 Safari/537.36"
::1 - - [09/Jul/2020:09:21:19 +0000] "POST /api/addNewData HTTP/1.1" 200 28 "http://localhost:3000/" "Mozilla/5.0 (X11; Linux x86_64) AppleWebKit/537.36 (KHTML, like Gecko) Chrome/83.0.4103.116 Safari/537.36"
::1 - - [09/Jul/2020:09:21:20 +0000] "GET /api/getAllData HTTP/1.1" 200 777 "http://localhost:3000/" "Mozilla/5.0 (X11; Linux x86_64) AppleWebKit/537.36 (KHTML, like Gecko) Chrome/83.0.4103.116 Safari/537.36"
::1 - - [09/Jul/2020:09:28:17 +0000] "GET /api/getAllData HTTP/1.1" 200 777 "http://localhost:3000/" "Mozilla/5.0 (X11; Linux x86_64) AppleWebKit/537.36 (KHTML, like Gecko) Chrome/83.0.4103.116 Safari/537.36"
::1 - - [09/Jul/2020:09:28:17 +0000] "GET /api/getAllData HTTP/1.1" 200 777 "http://localhost:3000/" "Mozilla/5.0 (X11; Linux x86_64) AppleWebKit/537.36 (KHTML, like Gecko) Chrome/83.0.4103.116 Safari/537.36"
::1 - - [09/Jul/2020:09:28:31 +0000] "GET /api/getAllData HTTP/1.1" 200 777 "http://localhost:3000/" "Mozilla/5.0 (X11; Linux x86_64) AppleWebKit/537.36 (KHTML, like Gecko) Chrome/83.0.4103.116 Safari/537.36"
::1 - - [09/Jul/2020:09:28:34 +0000] "POST /api/addNewData HTTP/1.1" 200 48 "http://localhost:3000/" "Mozilla/5.0 (X11; Linux x86_64) AppleWebKit/537.36 (KHTML, like Gecko) Chrome/83.0.4103.116 Safari/537.36"
::1 - - [09/Jul/2020:09:28:35 +0000] "GET /api/getAllData HTTP/1.1" 200 874 "http://localhost:3000/" "Mozilla/5.0 (X11; Linux x86_64) AppleWebKit/537.36 (KHTML, like Gecko) Chrome/83.0.4103.116 Safari/537.36"
::1 - - [09/Jul/2020:09:28:55 +0000] "GET /api/getAllData HTTP/1.1" 200 874 "http://localhost:3000/" "Mozilla/5.0 (X11; Linux x86_64) AppleWebKit/537.36 (KHTML, like Gecko) Chrome/83.0.4103.116 Safari/537.36"
::1 - - [09/Jul/2020:09:30:23 +0000] "POST /api/addNewData HTTP/1.1" 200 48 "http://localhost:3000/" "Mozilla/5.0 (X11; Linux x86_64) AppleWebKit/537.36 (KHTML, like Gecko) Chrome/83.0.4103.116 Safari/537.36"
::1 - - [09/Jul/2020:09:30:23 +0000] "GET /api/getAllData HTTP/1.1" 200 967 "http://localhost:3000/" "Mozilla/5.0 (X11; Linux x86_64) AppleWebKit/537.36 (KHTML, like Gecko) Chrome/83.0.4103.116 Safari/537.36"
::1 - - [09/Jul/2020:09:43:31 +0000] "GET /api/getAllData HTTP/1.1" 200 967 "http://localhost:3000/" "Mozilla/5.0 (X11; Linux x86_64) AppleWebKit/537.36 (KHTML, like Gecko) Chrome/83.0.4103.116 Safari/537.36"
::1 - - [09/Jul/2020:10:20:26 +0000] "GET /api/getAllData HTTP/1.1" 200 967 "http://localhost:3000/" "Mozilla/5.0 (X11; Linux x86_64) AppleWebKit/537.36 (KHTML, like Gecko) Chrome/83.0.4103.116 Safari/537.36"
::1 - - [09/Jul/2020:10:24:10 +0000] "GET /api/getAllData HTTP/1.1" 200 967 "http://localhost:3000/" "Mozilla/5.0 (X11; Linux x86_64) AppleWebKit/537.36 (KHTML, like Gecko) Chrome/83.0.4103.116 Safari/537.36"
::1 - - [09/Jul/2020:10:24:11 +0000] "GET /api/getAllData HTTP/1.1" 200 967 "http://localhost:3000/" "Mozilla/5.0 (X11; Linux x86_64) AppleWebKit/537.36 (KHTML, like Gecko) Chrome/83.0.4103.116 Safari/537.36"
::1 - - [09/Jul/2020:10:24:11 +0000] "GET /api/getAllData HTTP/1.1" 200 967 "http://localhost:3000/" "Mozilla/5.0 (X11; Linux x86_64) AppleWebKit/537.36 (KHTML, like Gecko) Chrome/83.0.4103.116 Safari/537.36"
::1 - - [09/Jul/2020:10:47:47 +0000] "GET /api/getAllData HTTP/1.1" 200 967 "http://localhost:3000/" "Mozilla/5.0 (X11; Linux x86_64) AppleWebKit/537.36 (KHTML, like Gecko) Chrome/83.0.4103.116 Safari/537.36"
::1 - - [09/Jul/2020:10:50:02 +0000] "POST /api/addNewData HTTP/1.1" 200 48 "http://localhost:3000/" "Mozilla/5.0 (X11; Linux x86_64) AppleWebKit/537.36 (KHTML, like Gecko) Chrome/83.0.4103.116 Safari/537.36"
::1 - - [09/Jul/2020:10:50:02 +0000] "GET /api/getAllData HTTP/1.1" 200 1064 "http://localhost:3000/" "Mozilla/5.0 (X11; Linux x86_64) AppleWebKit/537.36 (KHTML, like Gecko) Chrome/83.0.4103.116 Safari/537.36"
::1 - - [09/Jul/2020:10:59:19 +0000] "GET /api/getAllData HTTP/1.1" 200 1064 "http://localhost:3000/" "Mozilla/5.0 (X11; Linux x86_64) AppleWebKit/537.36 (KHTML, like Gecko) Chrome/83.0.4103.116 Safari/537.36"
::1 - - [09/Jul/2020:10:59:26 +0000] "GET /api/getAllData HTTP/1.1" 200 1064 "http://localhost:3000/" "Mozilla/5.0 (X11; Linux x86_64) AppleWebKit/537.36 (KHTML, like Gecko) Chrome/83.0.4103.116 Safari/537.36"
::1 - - [09/Jul/2020:11:00:04 +0000] "GET /api/getAllData HTTP/1.1" 200 1064 "http://localhost:3000/" "Mozilla/5.0 (X11; Linux x86_64) AppleWebKit/537.36 (KHTML, like Gecko) Chrome/83.0.4103.116 Safari/537.36"
::1 - - [09/Jul/2020:11:00:39 +0000] "POST /api/addNewData HTTP/1.1" 200 48 "http://localhost:3000/" "Mozilla/5.0 (X11; Linux x86_64) AppleWebKit/537.36 (KHTML, like Gecko) Chrome/83.0.4103.116 Safari/537.36"
::1 - - [09/Jul/2020:11:00:39 +0000] "GET /api/getAllData HTTP/1.1" 200 1163 "http://localhost:3000/" "Mozilla/5.0 (X11; Linux x86_64) AppleWebKit/537.36 (KHTML, like Gecko) Chrome/83.0.4103.116 Safari/537.36"
::1 - - [09/Jul/2020:11:02:09 +0000] "DELETE /api/addNewData HTTP/1.1" 404 156 "-" "PostmanRuntime/7.26.1"
::1 - - [09/Jul/2020:11:03:07 +0000] "DELETE /api/deleteData HTTP/1.1" 200 48 "-" "PostmanRuntime/7.26.1"
::1 - - [09/Jul/2020:11:03:19 +0000] "GET /api/getAllData HTTP/1.1" 200 1064 "http://localhost:3000/" "Mozilla/5.0 (X11; Linux x86_64) AppleWebKit/537.36 (KHTML, like Gecko) Chrome/83.0.4103.116 Safari/537.36"
